\BOOKMARK [1][-]{section.1}{Study Guide Questions}{}% 1
\BOOKMARK [2][-]{subsection.1.1}{Question 1}{section.1}% 2
\BOOKMARK [2][-]{subsection.1.2}{First Punt, Brad Burkman, 11/17 7:41pm}{section.1}% 3
\BOOKMARK [2][-]{subsection.1.3}{Question 2}{section.1}% 4
\BOOKMARK [3][-]{subsubsection.1.3.1}{First guess, Brad Burkman, 11/14 7:44pm}{subsection.1.3}% 5
\BOOKMARK [3][-]{subsubsection.1.3.2}{Second Atttempt, informed by notes, Brad Burkman, 11/14 7:58pm}{subsection.1.3}% 6
\BOOKMARK [3][-]{subsubsection.1.3.3}{Midpoint Line \(Besenham\) Algorithm}{subsection.1.3}% 7
\BOOKMARK [3][-]{subsubsection.1.3.4}{Making it Faster}{subsection.1.3}% 8
\BOOKMARK [2][-]{subsection.1.4}{Question 3}{section.1}% 9
\BOOKMARK [3][-]{subsubsection.1.4.1}{Information from Class Notes, Brad Burkman, 17 November 10:11pm}{subsection.1.4}% 10
\BOOKMARK [2][-]{subsection.1.5}{Question 4}{section.1}% 11
\BOOKMARK [2][-]{subsection.1.6}{Question 5}{section.1}% 12
\BOOKMARK [3][-]{subsubsection.1.6.1}{Rotation Matrices}{subsection.1.6}% 13
\BOOKMARK [2][-]{subsection.1.7}{Questions 6 and 7}{section.1}% 14
\BOOKMARK [2][-]{subsection.1.8}{Question 8}{section.1}% 15
\BOOKMARK [3][-]{subsubsection.1.8.1}{First guess for \0438, Brad Burkman, 7:58pm, 11 November}{subsection.1.8}% 16
\BOOKMARK [3][-]{subsubsection.1.8.2}{Dr. Borst's Discussion}{subsection.1.8}% 17
\BOOKMARK [2][-]{subsection.1.9}{Question 9}{section.1}% 18
\BOOKMARK [2][-]{subsection.1.10}{Question 10}{section.1}% 19
\BOOKMARK [3][-]{subsubsection.1.10.1}{Dr. Borst's Answer}{subsection.1.10}% 20
\BOOKMARK [2][-]{subsection.1.11}{Question 11}{section.1}% 21
\BOOKMARK [3][-]{subsubsection.1.11.1}{First Guess, Brad Burkman, 8:26pm 14 November}{subsection.1.11}% 22
\BOOKMARK [2][-]{subsection.1.12}{Question 12}{section.1}% 23
\BOOKMARK [3][-]{subsubsection.1.12.1}{Dr. Borst's Answer}{subsection.1.12}% 24
\BOOKMARK [2][-]{subsection.1.13}{Question 13}{section.1}% 25
\BOOKMARK [2][-]{subsection.1.14}{Question 14}{section.1}% 26
\BOOKMARK [3][-]{subsubsection.1.14.1}{Dr. Borst's Answer}{subsection.1.14}% 27
\BOOKMARK [2][-]{subsection.1.15}{Question 15}{section.1}% 28
\BOOKMARK [2][-]{subsection.1.16}{Question 16}{section.1}% 29
\BOOKMARK [3][-]{subsubsection.1.16.1}{First Guess, Brad Burkman, 9:03pm 14 November}{subsection.1.16}% 30
\BOOKMARK [2][-]{subsection.1.17}{Question 17}{section.1}% 31
\BOOKMARK [2][-]{subsection.1.18}{Question 18}{section.1}% 32
\BOOKMARK [2][-]{subsection.1.19}{Question 19}{section.1}% 33
\BOOKMARK [2][-]{subsection.1.20}{Question 20}{section.1}% 34
\BOOKMARK [3][-]{subsubsection.1.20.1}{First Guess, Brad Burkman, 9:23pm 14 November}{subsection.1.20}% 35
\BOOKMARK [3][-]{subsubsection.1.20.2}{Dr. Borst's Discussion}{subsection.1.20}% 36
